<?xml version="1.0" encoding="UTF-8"?>
<!-- Generated by org.testng.reporters.JUnitReportReporter -->
<testsuite skipped="0" hostname="Olayinkas-MacBook-Pro.local" name="testCases.GET_or_Read_A_Products" tests="1" failures="0" timestamp="19 Apr 2021 04:13:19 GMT" time="1.622" errors="0">
  <testcase name="read_A_Products" time="1.622" classname="testCases.GET_or_Read_A_Products"/>
</testsuite> <!-- testCases.GET_or_Read_A_Products -->
