<?xml version="1.0" encoding="UTF-8"?>
<!-- Generated by org.testng.reporters.JUnitReportReporter -->
<testsuite skipped="0" hostname="Olayinkas-MacBook-Pro.local" name="testCases.GET_or_Read_All_Products" tests="1" failures="0" timestamp="17 Apr 2021 16:39:49 GMT" time="1.773" errors="0">
  <testcase name="read_All_Products" time="1.773" classname="testCases.GET_or_Read_All_Products"/>
</testsuite> <!-- testCases.GET_or_Read_All_Products -->
